
brotherlabel.exe Information: 0 : Car: 51 
 Name: gary Holsopple
 Run: 3
 Time: 
 Penalty: 0
 Net Time: 2.3
 no hashtag 
brotherlabel.exe Information: 0 : Car: 51 
 Name: gary Holsopple
 Run: 3
 Time: 
 Penalty: 0
 Net Time: 2.3
 #NorpcaControlClinic@gholsopple
brotherlabel.exe Information: 0 : Car: 51 
 Name: gary Holsopple
 Run: 3
 Time: 
 Penalty: 0
 Net Time: 2.3
 #NorpcaControlClinic @gholsopple
brotherLabel.exe Information: 0 : Car: 4 
 Name: 2
 Run: 3
 Time: 
 Penalty: 7
 Net Time: 6
 8 9
brotherLabel.exe Information: 0 : Car: 4 
 Name: 2
 Run: 3
 Time: 1
 Penalty: 7
 Net Time: 6
 8 9
brotherLabel.exe Information: 0 : Car: 4 
 Name: 2
 Run: 3
 Time: 1
 Penalty: 7
 Net Time: 6
 Class:5 
 8[8]
brotherLabel.exe Information: 0 : Car: 4 
 Name: 2
 Run: 3
 Time: 1
 Penalty: 7
 Net Time: 6
 Class:5 
 8 9
brotherlabel.exe Information: 0 : One or more errors occurred.
brotherlabel.exe Information: 0 : Car: 1113422652 
 Name: TESTTWEET
 Run: 
 Time: 4/19/2017 6:26:32 AM
 Penalty: 
 Net Time: 
 Class: 
  
brotherlabel.exe Information: 0 : Car: 2013387042 
 Name: TESTTWEET
 Run: 
 Time: 4/19/2017 6:26:52 AM
 Penalty: 
 Net Time: 
 Class: 
  
brotherLabel.exe Information: 0 : Car: 24 
 Name: Kuhar, Edward
 Run: RUN 1
 Time: 88.247
 Penalty: 2
 Net Time: 92.247
 Class:X 
    
brotherLabel.exe Information: 0 : Car: 26 
 Name: Principi, Dave
 Run: RUN 1
 Time: 80.892
 Penalty: 3
 Net Time: 86.892
 Class:P3 
    
brotherLabel.exe Information: 0 : startProject:True
brotherLabel.exe Information: 0 : printout:True
brotherLabel.exe Information: 0 : Car: 71 
 Name: Shryock, John
 Run: RUN 1
 Time: 76.015
 Penalty: 0
 Net Time: 76.015
 Class:P6 
    
brotherLabel.exe Information: 0 : startProject:True
brotherLabel.exe Information: 0 : printout:True
brotherLabel.exe Information: 0 : Car: 91 
 Name: Hulick, John
 Run: RUN 1
 Time: 54.719
 Penalty: 3
 Net Time: 60.719
 Class:M 
    
