brotherLabel.exe Information: 0 : Car: 91 
 Name: Hulick, John
 Run: RUN 2
 Time: 54.056
 Penalty: 0
 Net Time: 54.056
 Class:M 
    
brotherLabel.exe Information: 0 : Car: 21 
 Name: Butcher, Collin
 Run: RUN 2
 Time: 67.886
 Penalty: 1
 Net Time: 69.886
 Class:X 
    
brotherLabel.exe Information: 0 : Car: 2111618563 
 Name: TESTTWEET
 Run: 
 Time: 6/1/2021 11:40:53 AM
 Penalty: 
 Net Time: 
 Class: 
  
brotherLabel.exe Information: 0 : Car: 826409597 
 Name: TESTTWEET
 Run: 
 Time: 6/1/2021 11:41:11 AM
 Penalty: 
 Net Time: 
 Class: 
  
